[kbplacer_plugin_action.py:63]: Plugin version: 0.10
[kbplacer_plugin_action.py:64]: Python version: '3.11.5 (main, May 10 2024, 05:24:12) [MSC v.1939 64 bit (AMD64)]'
[kbplacer_plugin_action.py:65]: KiCad version: 8.0.3 with 4.2.0 msw (phoenix) wxWidgets 3.2.4
[kbplacer_dialog.py:584]: Language: en
[kbplacer_plugin_action.py:76]: GUI state: {"layout_path": "C:\\Users\\Makoto Gingaishi\\Documents\\GitHub\\jakarta\\jakarta-r1.json", "key_distance": [19.05, 19.05], "key_info": {"annotation_format": "MX{}", "position_option": "Default", "position": {"x": 0.0, "y": 0.0, "orientation": 0.0, "side": "Back"}, "template_path": ""}, "enable_diode_placement": true, "route_switches_with_diodes": true, "diode_info": {"annotation_format": "D{}", "position_option": "Default", "position": {"x": 5.08, "y": 3.03, "orientation": 90.0, "side": "Back"}, "template_path": ""}, "additional_elements": [{"annotation_format": "ST{}", "position_option": "Custom", "position": {"x": 0.0, "y": 0.0, "orientation": 0.0, "side": "Back"}, "template_path": ""}], "route_rows_and_columns": true, "template_path": "", "generate_outline": false, "outline_delta": 0.0}
[key_placer.py:299]: Set key 1U distance: 19050000/19050000
[key_placer.py:112]: Switches by nets: defaultdict(<class 'list'>, {frozenset({'/GPIO7', '/GPIO3'}): ['MX2'], frozenset({'/GPIO7', '/GPIO4'}): ['MX3'], frozenset({'/GPIO7', '/GPIO5'}): ['MX4'], frozenset({'/GPIO6', '/GPIO7'}): ['MX5'], frozenset({'/GPIO2', '/GPIO8'}): ['MX6'], frozenset({'/GPIO8', '/GPIO3'}): ['MX7'], frozenset({'/GPIO8', '/GPIO4'}): ['MX8'], frozenset({'/GPIO8', '/GPIO5'}): ['MX9'], frozenset({'/GPIO6', '/GPIO8'}): ['MX10'], frozenset({'/GPIO9', '/GPIO2'}): ['MX11'], frozenset({'/GPIO9', '/GPIO3'}): ['MX12'], frozenset({'/GPIO9', '/GPIO4'}): ['MX13'], frozenset({'/GPIO9', '/GPIO5'}): ['MX14'], frozenset({'/GPIO6', '/GPIO9'}): ['MX15'], frozenset({'/GPIO2', '/GPIO10'}): ['MX16'], frozenset({'/GPIO10', '/GPIO3'}): ['MX17'], frozenset({'/GPIO10', '/GPIO4'}): ['MX18'], frozenset({'/GPIO10', '/GPIO5'}): ['MX19'], frozenset({'/GPIO6', '/GPIO10'}): ['MX20'], frozenset({'/GPIO11', '/GPIO3'}): ['MX22'], frozenset({'/GPIO11', '/GPIO4'}): ['MX23'], frozenset({'/GPIO11', '/GPIO5'}): ['MX24'], frozenset({'/GPIO11', '/GPIO6'}): ['MX25'], frozenset({'/GPIO11', '/GPIO2'}): ['MX21'], frozenset({'/GPIO7', '/GPIO2'}): ['MX1']})
[key_placer.py:116]: Diodes by switch: {'MX2': ['D2'], 'MX3': ['D3'], 'MX4': ['D4'], 'MX5': ['D5'], 'MX6': ['D6'], 'MX7': ['D7'], 'MX8': ['D8'], 'MX9': ['D9'], 'MX10': ['D10'], 'MX11': ['D11'], 'MX12': ['D12'], 'MX13': ['D13'], 'MX14': ['D14'], 'MX15': ['D15'], 'MX16': ['D16'], 'MX17': ['D17'], 'MX18': ['D18'], 'MX19': ['D19'], 'MX20': ['D20'], 'MX21': ['D21'], 'MX22': ['D22'], 'MX23': ['D23'], 'MX24': ['D24'], 'MX25': ['D25'], 'MX1': ['D1']}
[kle_serial.py:749]: User layout: [{'name': 'Jakarta R1', 'author': 'Gingaishi', 'switchMount': 'cherry', 'pcb': True, 'plate': True}, ['M1', 'M2', 'M3', 'M4', 'M5'], ['M6', 'M7', 'M8', 'M9', 'M10'], ['M11', 'M12', 'M13', 'M14', 'M15'], ['M16', 'M17', 'M18', 'M19', 'M20'], ['M21', 'M22', 'M23', 'M24', 'M25']]
[key_placer.py:595]: Layout offset: (28575000, 28575000)
[board_modifier.py:83]: Setting MX1 footprint position: (38100000, 38100000)
[board_modifier.py:83]: Setting MX2 footprint position: (57150000, 38100000)
[board_modifier.py:83]: Setting MX3 footprint position: (76200000, 38100000)
[board_modifier.py:83]: Setting MX4 footprint position: (95250000, 38100000)
[board_modifier.py:83]: Setting MX5 footprint position: (114300000, 38100000)
[board_modifier.py:83]: Setting MX6 footprint position: (38100000, 57150000)
[board_modifier.py:83]: Setting MX7 footprint position: (57150000, 57150000)
[board_modifier.py:83]: Setting MX8 footprint position: (76200000, 57150000)
[board_modifier.py:83]: Setting MX9 footprint position: (95250000, 57150000)
[board_modifier.py:83]: Setting MX10 footprint position: (114300000, 57150000)
[board_modifier.py:83]: Setting MX11 footprint position: (38100000, 76200000)
[board_modifier.py:83]: Setting MX12 footprint position: (57150000, 76200000)
[board_modifier.py:83]: Setting MX13 footprint position: (76200000, 76200000)
[board_modifier.py:83]: Setting MX14 footprint position: (95250000, 76200000)
[board_modifier.py:83]: Setting MX15 footprint position: (114300000, 76200000)
[board_modifier.py:83]: Setting MX16 footprint position: (38100000, 95250000)
[board_modifier.py:83]: Setting MX17 footprint position: (57150000, 95250000)
[board_modifier.py:83]: Setting MX18 footprint position: (76200000, 95250000)
[board_modifier.py:83]: Setting MX19 footprint position: (95250000, 95250000)
[board_modifier.py:83]: Setting MX20 footprint position: (114300000, 95250000)
[board_modifier.py:83]: Setting MX21 footprint position: (38100000, 114300000)
[board_modifier.py:83]: Setting MX22 footprint position: (57150000, 114300000)
[board_modifier.py:83]: Setting MX23 footprint position: (76200000, 114300000)
[board_modifier.py:83]: Setting MX24 footprint position: (95250000, 114300000)
[board_modifier.py:83]: Setting MX25 footprint position: (114300000, 114300000)
[key_placer.py:907]: Diode info: [ElementInfo(annotation_format='D{}', position_option=<PositionOption.DEFAULT: 'Default'>, position=ElementPosition(x=5.08, y=3.03, orientation=90.0, side=<Side.BACK: 'Back'>), template_path='')]
[board_modifier.py:96]: Getting MX1 footprint position: (38100000, 38100000)
[board_modifier.py:83]: Setting D1 footprint position: (43180000, 41130000)
[board_modifier.py:96]: Getting MX10 footprint position: (114300000, 57150000)
[board_modifier.py:83]: Setting D10 footprint position: (119380000, 60180000)
[board_modifier.py:96]: Getting MX11 footprint position: (38100000, 76200000)
[board_modifier.py:83]: Setting D11 footprint position: (43180000, 79230000)
[board_modifier.py:96]: Getting MX12 footprint position: (57150000, 76200000)
[board_modifier.py:83]: Setting D12 footprint position: (62230000, 79230000)
[board_modifier.py:96]: Getting MX13 footprint position: (76200000, 76200000)
[board_modifier.py:83]: Setting D13 footprint position: (81280000, 79230000)
[board_modifier.py:96]: Getting MX14 footprint position: (95250000, 76200000)
[board_modifier.py:83]: Setting D14 footprint position: (100330000, 79230000)
[board_modifier.py:96]: Getting MX15 footprint position: (114300000, 76200000)
[board_modifier.py:83]: Setting D15 footprint position: (119380000, 79230000)
[board_modifier.py:96]: Getting MX16 footprint position: (38100000, 95250000)
[board_modifier.py:83]: Setting D16 footprint position: (43180000, 98280000)
[board_modifier.py:96]: Getting MX17 footprint position: (57150000, 95250000)
[board_modifier.py:83]: Setting D17 footprint position: (62230000, 98280000)
[board_modifier.py:96]: Getting MX18 footprint position: (76200000, 95250000)
[board_modifier.py:83]: Setting D18 footprint position: (81280000, 98280000)
[board_modifier.py:96]: Getting MX19 footprint position: (95250000, 95250000)
[board_modifier.py:83]: Setting D19 footprint position: (100330000, 98280000)
[board_modifier.py:96]: Getting MX2 footprint position: (57150000, 38100000)
[board_modifier.py:83]: Setting D2 footprint position: (62230000, 41130000)
[board_modifier.py:96]: Getting MX20 footprint position: (114300000, 95250000)
[board_modifier.py:83]: Setting D20 footprint position: (119380000, 98280000)
[board_modifier.py:96]: Getting MX21 footprint position: (38100000, 114300000)
[board_modifier.py:83]: Setting D21 footprint position: (43180000, 117330000)
[board_modifier.py:96]: Getting MX22 footprint position: (57150000, 114300000)
[board_modifier.py:83]: Setting D22 footprint position: (62230000, 117330000)
[board_modifier.py:96]: Getting MX23 footprint position: (76200000, 114300000)
[board_modifier.py:83]: Setting D23 footprint position: (81280000, 117330000)
[board_modifier.py:96]: Getting MX24 footprint position: (95250000, 114300000)
[board_modifier.py:83]: Setting D24 footprint position: (100330000, 117330000)
[board_modifier.py:96]: Getting MX25 footprint position: (114300000, 114300000)
[board_modifier.py:83]: Setting D25 footprint position: (119380000, 117330000)
[board_modifier.py:96]: Getting MX3 footprint position: (76200000, 38100000)
[board_modifier.py:83]: Setting D3 footprint position: (81280000, 41130000)
[board_modifier.py:96]: Getting MX4 footprint position: (95250000, 38100000)
[board_modifier.py:83]: Setting D4 footprint position: (100330000, 41130000)
[board_modifier.py:96]: Getting MX5 footprint position: (114300000, 38100000)
[board_modifier.py:83]: Setting D5 footprint position: (119380000, 41130000)
[board_modifier.py:96]: Getting MX6 footprint position: (38100000, 57150000)
[board_modifier.py:83]: Setting D6 footprint position: (43180000, 60180000)
[board_modifier.py:96]: Getting MX7 footprint position: (57150000, 57150000)
[board_modifier.py:83]: Setting D7 footprint position: (62230000, 60180000)
[board_modifier.py:96]: Getting MX8 footprint position: (76200000, 57150000)
[board_modifier.py:83]: Setting D8 footprint position: (81280000, 60180000)
[board_modifier.py:96]: Getting MX9 footprint position: (95250000, 57150000)
[board_modifier.py:83]: Setting D9 footprint position: (100330000, 60180000)
[board_modifier.py:96]: Getting MX2 footprint position: (57150000, 38100000)
[board_modifier.py:63]: Searching for ST2 footprint in C:\Users\Makoto Gingaishi\Documents\GitHub\jakarta\Jakarta_R1\Jakarta_R1.kicad_pcb
[board_modifier.py:66]: Footprint not found
[board_modifier.py:96]: Getting MX3 footprint position: (76200000, 38100000)
[board_modifier.py:63]: Searching for ST3 footprint in C:\Users\Makoto Gingaishi\Documents\GitHub\jakarta\Jakarta_R1\Jakarta_R1.kicad_pcb
[board_modifier.py:66]: Footprint not found
[board_modifier.py:96]: Getting MX4 footprint position: (95250000, 38100000)
[board_modifier.py:63]: Searching for ST4 footprint in C:\Users\Makoto Gingaishi\Documents\GitHub\jakarta\Jakarta_R1\Jakarta_R1.kicad_pcb
[board_modifier.py:66]: Footprint not found
[board_modifier.py:96]: Getting MX5 footprint position: (114300000, 38100000)
[board_modifier.py:63]: Searching for ST5 footprint in C:\Users\Makoto Gingaishi\Documents\GitHub\jakarta\Jakarta_R1\Jakarta_R1.kicad_pcb
[board_modifier.py:66]: Footprint not found
[board_modifier.py:96]: Getting MX6 footprint position: (38100000, 57150000)
[board_modifier.py:63]: Searching for ST6 footprint in C:\Users\Makoto Gingaishi\Documents\GitHub\jakarta\Jakarta_R1\Jakarta_R1.kicad_pcb
[board_modifier.py:66]: Footprint not found
[board_modifier.py:96]: Getting MX7 footprint position: (57150000, 57150000)
[board_modifier.py:63]: Searching for ST7 footprint in C:\Users\Makoto Gingaishi\Documents\GitHub\jakarta\Jakarta_R1\Jakarta_R1.kicad_pcb
[board_modifier.py:66]: Footprint not found
[board_modifier.py:96]: Getting MX8 footprint position: (76200000, 57150000)
[board_modifier.py:63]: Searching for ST8 footprint in C:\Users\Makoto Gingaishi\Documents\GitHub\jakarta\Jakarta_R1\Jakarta_R1.kicad_pcb
[board_modifier.py:66]: Footprint not found
[board_modifier.py:96]: Getting MX9 footprint position: (95250000, 57150000)
[board_modifier.py:63]: Searching for ST9 footprint in C:\Users\Makoto Gingaishi\Documents\GitHub\jakarta\Jakarta_R1\Jakarta_R1.kicad_pcb
[board_modifier.py:66]: Footprint not found
[board_modifier.py:96]: Getting MX10 footprint position: (114300000, 57150000)
[board_modifier.py:63]: Searching for ST10 footprint in C:\Users\Makoto Gingaishi\Documents\GitHub\jakarta\Jakarta_R1\Jakarta_R1.kicad_pcb
[board_modifier.py:66]: Footprint not found
[board_modifier.py:96]: Getting MX11 footprint position: (38100000, 76200000)
[board_modifier.py:63]: Searching for ST11 footprint in C:\Users\Makoto Gingaishi\Documents\GitHub\jakarta\Jakarta_R1\Jakarta_R1.kicad_pcb
[board_modifier.py:66]: Footprint not found
[board_modifier.py:96]: Getting MX12 footprint position: (57150000, 76200000)
[board_modifier.py:63]: Searching for ST12 footprint in C:\Users\Makoto Gingaishi\Documents\GitHub\jakarta\Jakarta_R1\Jakarta_R1.kicad_pcb
[board_modifier.py:66]: Footprint not found
[board_modifier.py:96]: Getting MX13 footprint position: (76200000, 76200000)
[board_modifier.py:63]: Searching for ST13 footprint in C:\Users\Makoto Gingaishi\Documents\GitHub\jakarta\Jakarta_R1\Jakarta_R1.kicad_pcb
[board_modifier.py:66]: Footprint not found
[board_modifier.py:96]: Getting MX14 footprint position: (95250000, 76200000)
[board_modifier.py:63]: Searching for ST14 footprint in C:\Users\Makoto Gingaishi\Documents\GitHub\jakarta\Jakarta_R1\Jakarta_R1.kicad_pcb
[board_modifier.py:66]: Footprint not found
[board_modifier.py:96]: Getting MX15 footprint position: (114300000, 76200000)
[board_modifier.py:63]: Searching for ST15 footprint in C:\Users\Makoto Gingaishi\Documents\GitHub\jakarta\Jakarta_R1\Jakarta_R1.kicad_pcb
[board_modifier.py:66]: Footprint not found
[board_modifier.py:96]: Getting MX16 footprint position: (38100000, 95250000)
[board_modifier.py:63]: Searching for ST16 footprint in C:\Users\Makoto Gingaishi\Documents\GitHub\jakarta\Jakarta_R1\Jakarta_R1.kicad_pcb
[board_modifier.py:66]: Footprint not found
[board_modifier.py:96]: Getting MX17 footprint position: (57150000, 95250000)
[board_modifier.py:63]: Searching for ST17 footprint in C:\Users\Makoto Gingaishi\Documents\GitHub\jakarta\Jakarta_R1\Jakarta_R1.kicad_pcb
[board_modifier.py:66]: Footprint not found
[board_modifier.py:96]: Getting MX18 footprint position: (76200000, 95250000)
[board_modifier.py:63]: Searching for ST18 footprint in C:\Users\Makoto Gingaishi\Documents\GitHub\jakarta\Jakarta_R1\Jakarta_R1.kicad_pcb
[board_modifier.py:66]: Footprint not found
[board_modifier.py:96]: Getting MX19 footprint position: (95250000, 95250000)
[board_modifier.py:63]: Searching for ST19 footprint in C:\Users\Makoto Gingaishi\Documents\GitHub\jakarta\Jakarta_R1\Jakarta_R1.kicad_pcb
[board_modifier.py:66]: Footprint not found
[board_modifier.py:96]: Getting MX20 footprint position: (114300000, 95250000)
[board_modifier.py:63]: Searching for ST20 footprint in C:\Users\Makoto Gingaishi\Documents\GitHub\jakarta\Jakarta_R1\Jakarta_R1.kicad_pcb
[board_modifier.py:66]: Footprint not found
[board_modifier.py:96]: Getting MX22 footprint position: (57150000, 114300000)
[board_modifier.py:63]: Searching for ST22 footprint in C:\Users\Makoto Gingaishi\Documents\GitHub\jakarta\Jakarta_R1\Jakarta_R1.kicad_pcb
[board_modifier.py:66]: Footprint not found
[board_modifier.py:96]: Getting MX23 footprint position: (76200000, 114300000)
[board_modifier.py:63]: Searching for ST23 footprint in C:\Users\Makoto Gingaishi\Documents\GitHub\jakarta\Jakarta_R1\Jakarta_R1.kicad_pcb
[board_modifier.py:66]: Footprint not found
[board_modifier.py:96]: Getting MX24 footprint position: (95250000, 114300000)
[board_modifier.py:63]: Searching for ST24 footprint in C:\Users\Makoto Gingaishi\Documents\GitHub\jakarta\Jakarta_R1\Jakarta_R1.kicad_pcb
[board_modifier.py:66]: Footprint not found
[board_modifier.py:96]: Getting MX25 footprint position: (114300000, 114300000)
[board_modifier.py:63]: Searching for ST25 footprint in C:\Users\Makoto Gingaishi\Documents\GitHub\jakarta\Jakarta_R1\Jakarta_R1.kicad_pcb
[board_modifier.py:66]: Footprint not found
[board_modifier.py:96]: Getting MX21 footprint position: (38100000, 114300000)
[board_modifier.py:63]: Searching for ST21 footprint in C:\Users\Makoto Gingaishi\Documents\GitHub\jakarta\Jakarta_R1\Jakarta_R1.kicad_pcb
[board_modifier.py:66]: Footprint not found
[board_modifier.py:96]: Getting MX1 footprint position: (38100000, 38100000)
[board_modifier.py:63]: Searching for ST1 footprint in C:\Users\Makoto Gingaishi\Documents\GitHub\jakarta\Jakarta_R1\Jakarta_R1.kicad_pcb
[board_modifier.py:66]: Footprint not found
[key_placer.py:361]: Routing MX2 with D2
[key_placer.py:363]: Using internal autorouter method
[board_modifier.py:433]: Routing at B.Cu layer
[board_modifier.py:499]: Routing pad 'MX2:2' at (54610000, 43180000) with pad 'D2:2' at (62230000, 40080000) using coordinate system rotated by 0 degree(s)
[board_modifier.py:362]: Adding track segment (B.Cu): [(54610000, 43180000), (59130000, 43180000)]
[board_modifier.py:367]: Track added
[board_modifier.py:362]: Adding track segment (B.Cu): [(59130000, 43180000), (62230000, 40080000)]
[board_modifier.py:370]: Could not add track segment due to detected collision
[board_modifier.py:362]: Adding track segment (B.Cu): [(54610000, 43180000), (57710000, 40080000)]
[board_modifier.py:370]: Could not add track segment due to detected collision
[key_placer.py:361]: Routing MX3 with D3
[key_placer.py:363]: Using internal autorouter method
[board_modifier.py:433]: Routing at B.Cu layer
[board_modifier.py:499]: Routing pad 'MX3:2' at (73660000, 43180000) with pad 'D3:2' at (81280000, 40080000) using coordinate system rotated by 0 degree(s)
[board_modifier.py:362]: Adding track segment (B.Cu): [(73660000, 43180000), (78180000, 43180000)]
[board_modifier.py:367]: Track added
[board_modifier.py:362]: Adding track segment (B.Cu): [(78180000, 43180000), (81280000, 40080000)]
[board_modifier.py:370]: Could not add track segment due to detected collision
[board_modifier.py:362]: Adding track segment (B.Cu): [(73660000, 43180000), (76760000, 40080000)]
[board_modifier.py:370]: Could not add track segment due to detected collision
[key_placer.py:361]: Routing MX4 with D4
[key_placer.py:363]: Using internal autorouter method
[board_modifier.py:433]: Routing at B.Cu layer
[board_modifier.py:499]: Routing pad 'MX4:2' at (92710000, 43180000) with pad 'D4:2' at (100330000, 40080000) using coordinate system rotated by 0 degree(s)
[board_modifier.py:362]: Adding track segment (B.Cu): [(92710000, 43180000), (97230000, 43180000)]
[board_modifier.py:367]: Track added
[board_modifier.py:362]: Adding track segment (B.Cu): [(97230000, 43180000), (100330000, 40080000)]
[board_modifier.py:370]: Could not add track segment due to detected collision
[board_modifier.py:362]: Adding track segment (B.Cu): [(92710000, 43180000), (95810000, 40080000)]
[board_modifier.py:370]: Could not add track segment due to detected collision
[key_placer.py:361]: Routing MX5 with D5
[key_placer.py:363]: Using internal autorouter method
[board_modifier.py:433]: Routing at B.Cu layer
[board_modifier.py:499]: Routing pad 'MX5:2' at (111760000, 43180000) with pad 'D5:2' at (119380000, 40080000) using coordinate system rotated by 0 degree(s)
[board_modifier.py:362]: Adding track segment (B.Cu): [(111760000, 43180000), (116280000, 43180000)]
[board_modifier.py:367]: Track added
[board_modifier.py:362]: Adding track segment (B.Cu): [(116280000, 43180000), (119380000, 40080000)]
[board_modifier.py:370]: Could not add track segment due to detected collision
[board_modifier.py:362]: Adding track segment (B.Cu): [(111760000, 43180000), (114860000, 40080000)]
[board_modifier.py:370]: Could not add track segment due to detected collision
[key_placer.py:361]: Routing MX6 with D6
[key_placer.py:363]: Using internal autorouter method
[board_modifier.py:433]: Routing at B.Cu layer
[board_modifier.py:499]: Routing pad 'MX6:2' at (35560000, 62230000) with pad 'D6:2' at (43180000, 59130000) using coordinate system rotated by 0 degree(s)
[board_modifier.py:362]: Adding track segment (B.Cu): [(35560000, 62230000), (40080000, 62230000)]
[board_modifier.py:367]: Track added
[board_modifier.py:362]: Adding track segment (B.Cu): [(40080000, 62230000), (43180000, 59130000)]
[board_modifier.py:370]: Could not add track segment due to detected collision
[board_modifier.py:362]: Adding track segment (B.Cu): [(35560000, 62230000), (38660000, 59130000)]
[board_modifier.py:370]: Could not add track segment due to detected collision
[key_placer.py:361]: Routing MX7 with D7
[key_placer.py:363]: Using internal autorouter method
[board_modifier.py:433]: Routing at B.Cu layer
[board_modifier.py:499]: Routing pad 'MX7:2' at (54610000, 62230000) with pad 'D7:2' at (62230000, 59130000) using coordinate system rotated by 0 degree(s)
[board_modifier.py:362]: Adding track segment (B.Cu): [(54610000, 62230000), (59130000, 62230000)]
[board_modifier.py:367]: Track added
[board_modifier.py:362]: Adding track segment (B.Cu): [(59130000, 62230000), (62230000, 59130000)]
[board_modifier.py:370]: Could not add track segment due to detected collision
[board_modifier.py:362]: Adding track segment (B.Cu): [(54610000, 62230000), (57710000, 59130000)]
[board_modifier.py:370]: Could not add track segment due to detected collision
[key_placer.py:361]: Routing MX8 with D8
[key_placer.py:363]: Using internal autorouter method
[board_modifier.py:433]: Routing at B.Cu layer
[board_modifier.py:499]: Routing pad 'MX8:2' at (73660000, 62230000) with pad 'D8:2' at (81280000, 59130000) using coordinate system rotated by 0 degree(s)
[board_modifier.py:362]: Adding track segment (B.Cu): [(73660000, 62230000), (78180000, 62230000)]
[board_modifier.py:367]: Track added
[board_modifier.py:362]: Adding track segment (B.Cu): [(78180000, 62230000), (81280000, 59130000)]
[board_modifier.py:370]: Could not add track segment due to detected collision
[board_modifier.py:362]: Adding track segment (B.Cu): [(73660000, 62230000), (76760000, 59130000)]
[board_modifier.py:370]: Could not add track segment due to detected collision
[key_placer.py:361]: Routing MX9 with D9
[key_placer.py:363]: Using internal autorouter method
[board_modifier.py:433]: Routing at B.Cu layer
[board_modifier.py:499]: Routing pad 'MX9:2' at (92710000, 62230000) with pad 'D9:2' at (100330000, 59130000) using coordinate system rotated by 0 degree(s)
[board_modifier.py:362]: Adding track segment (B.Cu): [(92710000, 62230000), (97230000, 62230000)]
[board_modifier.py:367]: Track added
[board_modifier.py:362]: Adding track segment (B.Cu): [(97230000, 62230000), (100330000, 59130000)]
[board_modifier.py:370]: Could not add track segment due to detected collision
[board_modifier.py:362]: Adding track segment (B.Cu): [(92710000, 62230000), (95810000, 59130000)]
[board_modifier.py:370]: Could not add track segment due to detected collision
[key_placer.py:361]: Routing MX10 with D10
[key_placer.py:363]: Using internal autorouter method
[board_modifier.py:433]: Routing at B.Cu layer
[board_modifier.py:499]: Routing pad 'MX10:2' at (111760000, 62230000) with pad 'D10:2' at (119380000, 59130000) using coordinate system rotated by 0 degree(s)
[board_modifier.py:362]: Adding track segment (B.Cu): [(111760000, 62230000), (116280000, 62230000)]
[board_modifier.py:367]: Track added
[board_modifier.py:362]: Adding track segment (B.Cu): [(116280000, 62230000), (119380000, 59130000)]
[board_modifier.py:370]: Could not add track segment due to detected collision
[board_modifier.py:362]: Adding track segment (B.Cu): [(111760000, 62230000), (114860000, 59130000)]
[board_modifier.py:370]: Could not add track segment due to detected collision
[key_placer.py:361]: Routing MX11 with D11
[key_placer.py:363]: Using internal autorouter method
[board_modifier.py:433]: Routing at B.Cu layer
[board_modifier.py:499]: Routing pad 'MX11:2' at (35560000, 81280000) with pad 'D11:2' at (43180000, 78180000) using coordinate system rotated by 0 degree(s)
[board_modifier.py:362]: Adding track segment (B.Cu): [(35560000, 81280000), (40080000, 81280000)]
[board_modifier.py:367]: Track added
[board_modifier.py:362]: Adding track segment (B.Cu): [(40080000, 81280000), (43180000, 78180000)]
[board_modifier.py:370]: Could not add track segment due to detected collision
[board_modifier.py:362]: Adding track segment (B.Cu): [(35560000, 81280000), (38660000, 78180000)]
[board_modifier.py:370]: Could not add track segment due to detected collision
[key_placer.py:361]: Routing MX12 with D12
[key_placer.py:363]: Using internal autorouter method
[board_modifier.py:433]: Routing at B.Cu layer
[board_modifier.py:499]: Routing pad 'MX12:2' at (54610000, 81280000) with pad 'D12:2' at (62230000, 78180000) using coordinate system rotated by 0 degree(s)
[board_modifier.py:362]: Adding track segment (B.Cu): [(54610000, 81280000), (59130000, 81280000)]
[board_modifier.py:367]: Track added
[board_modifier.py:362]: Adding track segment (B.Cu): [(59130000, 81280000), (62230000, 78180000)]
[board_modifier.py:370]: Could not add track segment due to detected collision
[board_modifier.py:362]: Adding track segment (B.Cu): [(54610000, 81280000), (57710000, 78180000)]
[board_modifier.py:370]: Could not add track segment due to detected collision
[key_placer.py:361]: Routing MX13 with D13
[key_placer.py:363]: Using internal autorouter method
[board_modifier.py:433]: Routing at B.Cu layer
[board_modifier.py:499]: Routing pad 'MX13:2' at (73660000, 81280000) with pad 'D13:2' at (81280000, 78180000) using coordinate system rotated by 0 degree(s)
[board_modifier.py:362]: Adding track segment (B.Cu): [(73660000, 81280000), (78180000, 81280000)]
[board_modifier.py:367]: Track added
[board_modifier.py:362]: Adding track segment (B.Cu): [(78180000, 81280000), (81280000, 78180000)]
[board_modifier.py:370]: Could not add track segment due to detected collision
[board_modifier.py:362]: Adding track segment (B.Cu): [(73660000, 81280000), (76760000, 78180000)]
[board_modifier.py:370]: Could not add track segment due to detected collision
[key_placer.py:361]: Routing MX14 with D14
[key_placer.py:363]: Using internal autorouter method
[board_modifier.py:433]: Routing at B.Cu layer
[board_modifier.py:499]: Routing pad 'MX14:2' at (92710000, 81280000) with pad 'D14:2' at (100330000, 78180000) using coordinate system rotated by 0 degree(s)
[board_modifier.py:362]: Adding track segment (B.Cu): [(92710000, 81280000), (97230000, 81280000)]
[board_modifier.py:367]: Track added
[board_modifier.py:362]: Adding track segment (B.Cu): [(97230000, 81280000), (100330000, 78180000)]
[board_modifier.py:370]: Could not add track segment due to detected collision
[board_modifier.py:362]: Adding track segment (B.Cu): [(92710000, 81280000), (95810000, 78180000)]
[board_modifier.py:370]: Could not add track segment due to detected collision
[key_placer.py:361]: Routing MX15 with D15
[key_placer.py:363]: Using internal autorouter method
[board_modifier.py:433]: Routing at B.Cu layer
[board_modifier.py:499]: Routing pad 'MX15:2' at (111760000, 81280000) with pad 'D15:2' at (119380000, 78180000) using coordinate system rotated by 0 degree(s)
[board_modifier.py:362]: Adding track segment (B.Cu): [(111760000, 81280000), (116280000, 81280000)]
[board_modifier.py:367]: Track added
[board_modifier.py:362]: Adding track segment (B.Cu): [(116280000, 81280000), (119380000, 78180000)]
[board_modifier.py:370]: Could not add track segment due to detected collision
[board_modifier.py:362]: Adding track segment (B.Cu): [(111760000, 81280000), (114860000, 78180000)]
[board_modifier.py:370]: Could not add track segment due to detected collision
[key_placer.py:361]: Routing MX16 with D16
[key_placer.py:363]: Using internal autorouter method
[board_modifier.py:433]: Routing at B.Cu layer
[board_modifier.py:499]: Routing pad 'MX16:2' at (35560000, 100330000) with pad 'D16:2' at (43180000, 97230000) using coordinate system rotated by 0 degree(s)
[board_modifier.py:362]: Adding track segment (B.Cu): [(35560000, 100330000), (40080000, 100330000)]
[board_modifier.py:367]: Track added
[board_modifier.py:362]: Adding track segment (B.Cu): [(40080000, 100330000), (43180000, 97230000)]
[board_modifier.py:370]: Could not add track segment due to detected collision
[board_modifier.py:362]: Adding track segment (B.Cu): [(35560000, 100330000), (38660000, 97230000)]
[board_modifier.py:370]: Could not add track segment due to detected collision
[key_placer.py:361]: Routing MX17 with D17
[key_placer.py:363]: Using internal autorouter method
[board_modifier.py:433]: Routing at B.Cu layer
[board_modifier.py:499]: Routing pad 'MX17:2' at (54610000, 100330000) with pad 'D17:2' at (62230000, 97230000) using coordinate system rotated by 0 degree(s)
[board_modifier.py:362]: Adding track segment (B.Cu): [(54610000, 100330000), (59130000, 100330000)]
[board_modifier.py:367]: Track added
[board_modifier.py:362]: Adding track segment (B.Cu): [(59130000, 100330000), (62230000, 97230000)]
[board_modifier.py:370]: Could not add track segment due to detected collision
[board_modifier.py:362]: Adding track segment (B.Cu): [(54610000, 100330000), (57710000, 97230000)]
[board_modifier.py:370]: Could not add track segment due to detected collision
[key_placer.py:361]: Routing MX18 with D18
[key_placer.py:363]: Using internal autorouter method
[board_modifier.py:433]: Routing at B.Cu layer
[board_modifier.py:499]: Routing pad 'MX18:2' at (73660000, 100330000) with pad 'D18:2' at (81280000, 97230000) using coordinate system rotated by 0 degree(s)
[board_modifier.py:362]: Adding track segment (B.Cu): [(73660000, 100330000), (78180000, 100330000)]
[board_modifier.py:367]: Track added
[board_modifier.py:362]: Adding track segment (B.Cu): [(78180000, 100330000), (81280000, 97230000)]
[board_modifier.py:370]: Could not add track segment due to detected collision
[board_modifier.py:362]: Adding track segment (B.Cu): [(73660000, 100330000), (76760000, 97230000)]
[board_modifier.py:370]: Could not add track segment due to detected collision
[key_placer.py:361]: Routing MX19 with D19
[key_placer.py:363]: Using internal autorouter method
[board_modifier.py:433]: Routing at B.Cu layer
[board_modifier.py:499]: Routing pad 'MX19:2' at (92710000, 100330000) with pad 'D19:2' at (100330000, 97230000) using coordinate system rotated by 0 degree(s)
[board_modifier.py:362]: Adding track segment (B.Cu): [(92710000, 100330000), (97230000, 100330000)]
[board_modifier.py:367]: Track added
[board_modifier.py:362]: Adding track segment (B.Cu): [(97230000, 100330000), (100330000, 97230000)]
[board_modifier.py:370]: Could not add track segment due to detected collision
[board_modifier.py:362]: Adding track segment (B.Cu): [(92710000, 100330000), (95810000, 97230000)]
[board_modifier.py:370]: Could not add track segment due to detected collision
[key_placer.py:361]: Routing MX20 with D20
[key_placer.py:363]: Using internal autorouter method
[board_modifier.py:433]: Routing at B.Cu layer
[board_modifier.py:499]: Routing pad 'MX20:2' at (111760000, 100330000) with pad 'D20:2' at (119380000, 97230000) using coordinate system rotated by 0 degree(s)
[board_modifier.py:362]: Adding track segment (B.Cu): [(111760000, 100330000), (116280000, 100330000)]
[board_modifier.py:367]: Track added
[board_modifier.py:362]: Adding track segment (B.Cu): [(116280000, 100330000), (119380000, 97230000)]
[board_modifier.py:370]: Could not add track segment due to detected collision
[board_modifier.py:362]: Adding track segment (B.Cu): [(111760000, 100330000), (114860000, 97230000)]
[board_modifier.py:370]: Could not add track segment due to detected collision
[key_placer.py:361]: Routing MX22 with D22
[key_placer.py:363]: Using internal autorouter method
[board_modifier.py:433]: Routing at B.Cu layer
[board_modifier.py:499]: Routing pad 'MX22:2' at (54610000, 119380000) with pad 'D22:2' at (62230000, 116280000) using coordinate system rotated by 0 degree(s)
[board_modifier.py:362]: Adding track segment (B.Cu): [(54610000, 119380000), (59130000, 119380000)]
[board_modifier.py:367]: Track added
[board_modifier.py:362]: Adding track segment (B.Cu): [(59130000, 119380000), (62230000, 116280000)]
[board_modifier.py:370]: Could not add track segment due to detected collision
[board_modifier.py:362]: Adding track segment (B.Cu): [(54610000, 119380000), (57710000, 116280000)]
[board_modifier.py:370]: Could not add track segment due to detected collision
[key_placer.py:361]: Routing MX23 with D23
[key_placer.py:363]: Using internal autorouter method
[board_modifier.py:433]: Routing at B.Cu layer
[board_modifier.py:499]: Routing pad 'MX23:2' at (73660000, 119380000) with pad 'D23:2' at (81280000, 116280000) using coordinate system rotated by 0 degree(s)
[board_modifier.py:362]: Adding track segment (B.Cu): [(73660000, 119380000), (78180000, 119380000)]
[board_modifier.py:367]: Track added
[board_modifier.py:362]: Adding track segment (B.Cu): [(78180000, 119380000), (81280000, 116280000)]
[board_modifier.py:370]: Could not add track segment due to detected collision
[board_modifier.py:362]: Adding track segment (B.Cu): [(73660000, 119380000), (76760000, 116280000)]
[board_modifier.py:370]: Could not add track segment due to detected collision
[key_placer.py:361]: Routing MX24 with D24
[key_placer.py:363]: Using internal autorouter method
[board_modifier.py:433]: Routing at B.Cu layer
[board_modifier.py:499]: Routing pad 'MX24:2' at (92710000, 119380000) with pad 'D24:2' at (100330000, 116280000) using coordinate system rotated by 0 degree(s)
[board_modifier.py:362]: Adding track segment (B.Cu): [(92710000, 119380000), (97230000, 119380000)]
[board_modifier.py:367]: Track added
[board_modifier.py:362]: Adding track segment (B.Cu): [(97230000, 119380000), (100330000, 116280000)]
[board_modifier.py:370]: Could not add track segment due to detected collision
[board_modifier.py:362]: Adding track segment (B.Cu): [(92710000, 119380000), (95810000, 116280000)]
[board_modifier.py:370]: Could not add track segment due to detected collision
[key_placer.py:361]: Routing MX25 with D25
[key_placer.py:363]: Using internal autorouter method
[board_modifier.py:433]: Routing at B.Cu layer
[board_modifier.py:499]: Routing pad 'MX25:2' at (111760000, 119380000) with pad 'D25:2' at (119380000, 116280000) using coordinate system rotated by 0 degree(s)
[board_modifier.py:362]: Adding track segment (B.Cu): [(111760000, 119380000), (116280000, 119380000)]
[board_modifier.py:367]: Track added
[board_modifier.py:362]: Adding track segment (B.Cu): [(116280000, 119380000), (119380000, 116280000)]
[board_modifier.py:370]: Could not add track segment due to detected collision
[board_modifier.py:362]: Adding track segment (B.Cu): [(111760000, 119380000), (114860000, 116280000)]
[board_modifier.py:370]: Could not add track segment due to detected collision
[key_placer.py:361]: Routing MX21 with D21
[key_placer.py:363]: Using internal autorouter method
[board_modifier.py:433]: Routing at B.Cu layer
[board_modifier.py:499]: Routing pad 'MX21:2' at (35560000, 119380000) with pad 'D21:2' at (43180000, 116280000) using coordinate system rotated by 0 degree(s)
[board_modifier.py:362]: Adding track segment (B.Cu): [(35560000, 119380000), (40080000, 119380000)]
[board_modifier.py:367]: Track added
[board_modifier.py:362]: Adding track segment (B.Cu): [(40080000, 119380000), (43180000, 116280000)]
[board_modifier.py:370]: Could not add track segment due to detected collision
[board_modifier.py:362]: Adding track segment (B.Cu): [(35560000, 119380000), (38660000, 116280000)]
[board_modifier.py:370]: Could not add track segment due to detected collision
[key_placer.py:361]: Routing MX1 with D1
[key_placer.py:363]: Using internal autorouter method
[board_modifier.py:433]: Routing at B.Cu layer
[board_modifier.py:499]: Routing pad 'MX1:2' at (35560000, 43180000) with pad 'D1:2' at (43180000, 40080000) using coordinate system rotated by 0 degree(s)
[board_modifier.py:362]: Adding track segment (B.Cu): [(35560000, 43180000), (40080000, 43180000)]
[board_modifier.py:367]: Track added
[board_modifier.py:362]: Adding track segment (B.Cu): [(40080000, 43180000), (43180000, 40080000)]
[board_modifier.py:370]: Could not add track segment due to detected collision
[board_modifier.py:362]: Adding track segment (B.Cu): [(35560000, 43180000), (38660000, 40080000)]
[board_modifier.py:370]: Could not add track segment due to detected collision
[board_modifier.py:433]: Routing at B.Cu layer
[board_modifier.py:499]: Routing pad 'MX1:1' at (45460000, 40640000) with pad 'MX6:1' at (45460000, 59690000) using coordinate system rotated by 0 degree(s)
[board_modifier.py:362]: Adding track segment (B.Cu): [(45460000, 40640000), (45460000, 59690000)]
[board_modifier.py:367]: Track added
[board_modifier.py:433]: Routing at B.Cu layer
[board_modifier.py:499]: Routing pad 'MX6:1' at (45460000, 59690000) with pad 'MX11:1' at (45460000, 78740000) using coordinate system rotated by 0 degree(s)
[board_modifier.py:362]: Adding track segment (B.Cu): [(45460000, 59690000), (45460000, 78740000)]
[board_modifier.py:367]: Track added
[board_modifier.py:433]: Routing at B.Cu layer
[board_modifier.py:499]: Routing pad 'MX11:1' at (45460000, 78740000) with pad 'MX16:1' at (45460000, 97790000) using coordinate system rotated by 0 degree(s)
[board_modifier.py:362]: Adding track segment (B.Cu): [(45460000, 78740000), (45460000, 97790000)]
[board_modifier.py:367]: Track added
[board_modifier.py:433]: Routing at B.Cu layer
[board_modifier.py:499]: Routing pad 'MX16:1' at (45460000, 97790000) with pad 'MX21:1' at (45460000, 116840000) using coordinate system rotated by 0 degree(s)
[board_modifier.py:362]: Adding track segment (B.Cu): [(45460000, 97790000), (45460000, 116840000)]
[board_modifier.py:367]: Track added
[board_modifier.py:429]: Could not route pads, no common layers found
[board_modifier.py:433]: Routing at B.Cu layer
[board_modifier.py:499]: Routing pad 'D1:1' at (43180000, 42180000) with pad 'D2:1' at (62230000, 42180000) using coordinate system rotated by 0 degree(s)
[board_modifier.py:362]: Adding track segment (B.Cu): [(43180000, 42180000), (62230000, 42180000)]
[board_modifier.py:370]: Could not add track segment due to detected collision
[board_modifier.py:433]: Routing at B.Cu layer
[board_modifier.py:499]: Routing pad 'D2:1' at (62230000, 42180000) with pad 'D3:1' at (81280000, 42180000) using coordinate system rotated by 0 degree(s)
[board_modifier.py:362]: Adding track segment (B.Cu): [(62230000, 42180000), (81280000, 42180000)]
[board_modifier.py:370]: Could not add track segment due to detected collision
[board_modifier.py:433]: Routing at B.Cu layer
[board_modifier.py:499]: Routing pad 'D3:1' at (81280000, 42180000) with pad 'D4:1' at (100330000, 42180000) using coordinate system rotated by 0 degree(s)
[board_modifier.py:362]: Adding track segment (B.Cu): [(81280000, 42180000), (100330000, 42180000)]
[board_modifier.py:370]: Could not add track segment due to detected collision
[board_modifier.py:433]: Routing at B.Cu layer
[board_modifier.py:499]: Routing pad 'D4:1' at (100330000, 42180000) with pad 'D5:1' at (119380000, 42180000) using coordinate system rotated by 0 degree(s)
[board_modifier.py:362]: Adding track segment (B.Cu): [(100330000, 42180000), (119380000, 42180000)]
[board_modifier.py:370]: Could not add track segment due to detected collision
[board_modifier.py:429]: Could not route pads, no common layers found
[board_modifier.py:433]: Routing at B.Cu layer
[board_modifier.py:499]: Routing pad 'D6:1' at (43180000, 61230000) with pad 'D7:1' at (62230000, 61230000) using coordinate system rotated by 0 degree(s)
[board_modifier.py:362]: Adding track segment (B.Cu): [(43180000, 61230000), (62230000, 61230000)]
[board_modifier.py:370]: Could not add track segment due to detected collision
[board_modifier.py:433]: Routing at B.Cu layer
[board_modifier.py:499]: Routing pad 'D7:1' at (62230000, 61230000) with pad 'D8:1' at (81280000, 61230000) using coordinate system rotated by 0 degree(s)
[board_modifier.py:362]: Adding track segment (B.Cu): [(62230000, 61230000), (81280000, 61230000)]
[board_modifier.py:370]: Could not add track segment due to detected collision
[board_modifier.py:433]: Routing at B.Cu layer
[board_modifier.py:499]: Routing pad 'D8:1' at (81280000, 61230000) with pad 'D9:1' at (100330000, 61230000) using coordinate system rotated by 0 degree(s)
[board_modifier.py:362]: Adding track segment (B.Cu): [(81280000, 61230000), (100330000, 61230000)]
[board_modifier.py:370]: Could not add track segment due to detected collision
[board_modifier.py:433]: Routing at B.Cu layer
[board_modifier.py:499]: Routing pad 'D9:1' at (100330000, 61230000) with pad 'D10:1' at (119380000, 61230000) using coordinate system rotated by 0 degree(s)
[board_modifier.py:362]: Adding track segment (B.Cu): [(100330000, 61230000), (119380000, 61230000)]
[board_modifier.py:370]: Could not add track segment due to detected collision
[board_modifier.py:429]: Could not route pads, no common layers found
[board_modifier.py:433]: Routing at B.Cu layer
[board_modifier.py:499]: Routing pad 'D11:1' at (43180000, 80280000) with pad 'D12:1' at (62230000, 80280000) using coordinate system rotated by 0 degree(s)
[board_modifier.py:362]: Adding track segment (B.Cu): [(43180000, 80280000), (62230000, 80280000)]
[board_modifier.py:370]: Could not add track segment due to detected collision
[board_modifier.py:433]: Routing at B.Cu layer
[board_modifier.py:499]: Routing pad 'D12:1' at (62230000, 80280000) with pad 'D13:1' at (81280000, 80280000) using coordinate system rotated by 0 degree(s)
[board_modifier.py:362]: Adding track segment (B.Cu): [(62230000, 80280000), (81280000, 80280000)]
[board_modifier.py:370]: Could not add track segment due to detected collision
[board_modifier.py:433]: Routing at B.Cu layer
[board_modifier.py:499]: Routing pad 'D13:1' at (81280000, 80280000) with pad 'D14:1' at (100330000, 80280000) using coordinate system rotated by 0 degree(s)
[board_modifier.py:362]: Adding track segment (B.Cu): [(81280000, 80280000), (100330000, 80280000)]
[board_modifier.py:370]: Could not add track segment due to detected collision
[board_modifier.py:433]: Routing at B.Cu layer
[board_modifier.py:499]: Routing pad 'D14:1' at (100330000, 80280000) with pad 'D15:1' at (119380000, 80280000) using coordinate system rotated by 0 degree(s)
[board_modifier.py:362]: Adding track segment (B.Cu): [(100330000, 80280000), (119380000, 80280000)]
[board_modifier.py:370]: Could not add track segment due to detected collision
[board_modifier.py:429]: Could not route pads, no common layers found
[board_modifier.py:433]: Routing at B.Cu layer
[board_modifier.py:499]: Routing pad 'D16:1' at (43180000, 99330000) with pad 'D17:1' at (62230000, 99330000) using coordinate system rotated by 0 degree(s)
[board_modifier.py:362]: Adding track segment (B.Cu): [(43180000, 99330000), (62230000, 99330000)]
[board_modifier.py:370]: Could not add track segment due to detected collision
[board_modifier.py:433]: Routing at B.Cu layer
[board_modifier.py:499]: Routing pad 'D17:1' at (62230000, 99330000) with pad 'D18:1' at (81280000, 99330000) using coordinate system rotated by 0 degree(s)
[board_modifier.py:362]: Adding track segment (B.Cu): [(62230000, 99330000), (81280000, 99330000)]
[board_modifier.py:370]: Could not add track segment due to detected collision
[board_modifier.py:433]: Routing at B.Cu layer
[board_modifier.py:499]: Routing pad 'D18:1' at (81280000, 99330000) with pad 'D19:1' at (100330000, 99330000) using coordinate system rotated by 0 degree(s)
[board_modifier.py:362]: Adding track segment (B.Cu): [(81280000, 99330000), (100330000, 99330000)]
[board_modifier.py:370]: Could not add track segment due to detected collision
[board_modifier.py:433]: Routing at B.Cu layer
[board_modifier.py:499]: Routing pad 'D19:1' at (100330000, 99330000) with pad 'D20:1' at (119380000, 99330000) using coordinate system rotated by 0 degree(s)
[board_modifier.py:362]: Adding track segment (B.Cu): [(100330000, 99330000), (119380000, 99330000)]
[board_modifier.py:370]: Could not add track segment due to detected collision
[board_modifier.py:429]: Could not route pads, no common layers found
[board_modifier.py:433]: Routing at B.Cu layer
[board_modifier.py:499]: Routing pad 'D21:1' at (43180000, 118380000) with pad 'D22:1' at (62230000, 118380000) using coordinate system rotated by 0 degree(s)
[board_modifier.py:362]: Adding track segment (B.Cu): [(43180000, 118380000), (62230000, 118380000)]
[board_modifier.py:370]: Could not add track segment due to detected collision
[board_modifier.py:433]: Routing at B.Cu layer
[board_modifier.py:499]: Routing pad 'D22:1' at (62230000, 118380000) with pad 'D23:1' at (81280000, 118380000) using coordinate system rotated by 0 degree(s)
[board_modifier.py:362]: Adding track segment (B.Cu): [(62230000, 118380000), (81280000, 118380000)]
[board_modifier.py:370]: Could not add track segment due to detected collision
[board_modifier.py:433]: Routing at B.Cu layer
[board_modifier.py:499]: Routing pad 'D23:1' at (81280000, 118380000) with pad 'D24:1' at (100330000, 118380000) using coordinate system rotated by 0 degree(s)
[board_modifier.py:362]: Adding track segment (B.Cu): [(81280000, 118380000), (100330000, 118380000)]
[board_modifier.py:370]: Could not add track segment due to detected collision
[board_modifier.py:433]: Routing at B.Cu layer
[board_modifier.py:499]: Routing pad 'D24:1' at (100330000, 118380000) with pad 'D25:1' at (119380000, 118380000) using coordinate system rotated by 0 degree(s)
[board_modifier.py:362]: Adding track segment (B.Cu): [(100330000, 118380000), (119380000, 118380000)]
[board_modifier.py:370]: Could not add track segment due to detected collision
[board_modifier.py:429]: Could not route pads, no common layers found
[board_modifier.py:433]: Routing at B.Cu layer
[board_modifier.py:499]: Routing pad 'MX2:1' at (64510000, 40640000) with pad 'MX7:1' at (64510000, 59690000) using coordinate system rotated by 0 degree(s)
[board_modifier.py:362]: Adding track segment (B.Cu): [(64510000, 40640000), (64510000, 59690000)]
[board_modifier.py:367]: Track added
[board_modifier.py:433]: Routing at B.Cu layer
[board_modifier.py:499]: Routing pad 'MX7:1' at (64510000, 59690000) with pad 'MX12:1' at (64510000, 78740000) using coordinate system rotated by 0 degree(s)
[board_modifier.py:362]: Adding track segment (B.Cu): [(64510000, 59690000), (64510000, 78740000)]
[board_modifier.py:367]: Track added
[board_modifier.py:433]: Routing at B.Cu layer
[board_modifier.py:499]: Routing pad 'MX12:1' at (64510000, 78740000) with pad 'MX17:1' at (64510000, 97790000) using coordinate system rotated by 0 degree(s)
[board_modifier.py:362]: Adding track segment (B.Cu): [(64510000, 78740000), (64510000, 97790000)]
[board_modifier.py:367]: Track added
[board_modifier.py:433]: Routing at B.Cu layer
[board_modifier.py:499]: Routing pad 'MX17:1' at (64510000, 97790000) with pad 'MX22:1' at (64510000, 116840000) using coordinate system rotated by 0 degree(s)
[board_modifier.py:362]: Adding track segment (B.Cu): [(64510000, 97790000), (64510000, 116840000)]
[board_modifier.py:367]: Track added
[board_modifier.py:429]: Could not route pads, no common layers found
[board_modifier.py:433]: Routing at B.Cu layer
[board_modifier.py:499]: Routing pad 'MX3:1' at (83560000, 40640000) with pad 'MX8:1' at (83560000, 59690000) using coordinate system rotated by 0 degree(s)
[board_modifier.py:362]: Adding track segment (B.Cu): [(83560000, 40640000), (83560000, 59690000)]
[board_modifier.py:367]: Track added
[board_modifier.py:433]: Routing at B.Cu layer
[board_modifier.py:499]: Routing pad 'MX8:1' at (83560000, 59690000) with pad 'MX13:1' at (83560000, 78740000) using coordinate system rotated by 0 degree(s)
[board_modifier.py:362]: Adding track segment (B.Cu): [(83560000, 59690000), (83560000, 78740000)]
[board_modifier.py:367]: Track added
[board_modifier.py:433]: Routing at B.Cu layer
[board_modifier.py:499]: Routing pad 'MX13:1' at (83560000, 78740000) with pad 'MX18:1' at (83560000, 97790000) using coordinate system rotated by 0 degree(s)
[board_modifier.py:362]: Adding track segment (B.Cu): [(83560000, 78740000), (83560000, 97790000)]
[board_modifier.py:367]: Track added
[board_modifier.py:433]: Routing at B.Cu layer
[board_modifier.py:499]: Routing pad 'MX18:1' at (83560000, 97790000) with pad 'MX23:1' at (83560000, 116840000) using coordinate system rotated by 0 degree(s)
[board_modifier.py:362]: Adding track segment (B.Cu): [(83560000, 97790000), (83560000, 116840000)]
[board_modifier.py:367]: Track added
[board_modifier.py:429]: Could not route pads, no common layers found
[board_modifier.py:433]: Routing at B.Cu layer
[board_modifier.py:499]: Routing pad 'MX4:1' at (102610000, 40640000) with pad 'MX9:1' at (102610000, 59690000) using coordinate system rotated by 0 degree(s)
[board_modifier.py:362]: Adding track segment (B.Cu): [(102610000, 40640000), (102610000, 59690000)]
[board_modifier.py:367]: Track added
[board_modifier.py:433]: Routing at B.Cu layer
[board_modifier.py:499]: Routing pad 'MX9:1' at (102610000, 59690000) with pad 'MX14:1' at (102610000, 78740000) using coordinate system rotated by 0 degree(s)
[board_modifier.py:362]: Adding track segment (B.Cu): [(102610000, 59690000), (102610000, 78740000)]
[board_modifier.py:367]: Track added
[board_modifier.py:433]: Routing at B.Cu layer
[board_modifier.py:499]: Routing pad 'MX14:1' at (102610000, 78740000) with pad 'MX19:1' at (102610000, 97790000) using coordinate system rotated by 0 degree(s)
[board_modifier.py:362]: Adding track segment (B.Cu): [(102610000, 78740000), (102610000, 97790000)]
[board_modifier.py:367]: Track added
[board_modifier.py:433]: Routing at B.Cu layer
[board_modifier.py:499]: Routing pad 'MX19:1' at (102610000, 97790000) with pad 'MX24:1' at (102610000, 116840000) using coordinate system rotated by 0 degree(s)
[board_modifier.py:362]: Adding track segment (B.Cu): [(102610000, 97790000), (102610000, 116840000)]
[board_modifier.py:367]: Track added
[board_modifier.py:429]: Could not route pads, no common layers found
[board_modifier.py:433]: Routing at B.Cu layer
[board_modifier.py:499]: Routing pad 'MX5:1' at (121660000, 40640000) with pad 'MX10:1' at (121660000, 59690000) using coordinate system rotated by 0 degree(s)
[board_modifier.py:362]: Adding track segment (B.Cu): [(121660000, 40640000), (121660000, 59690000)]
[board_modifier.py:367]: Track added
[board_modifier.py:433]: Routing at B.Cu layer
[board_modifier.py:499]: Routing pad 'MX10:1' at (121660000, 59690000) with pad 'MX15:1' at (121660000, 78740000) using coordinate system rotated by 0 degree(s)
[board_modifier.py:362]: Adding track segment (B.Cu): [(121660000, 59690000), (121660000, 78740000)]
[board_modifier.py:367]: Track added
[board_modifier.py:433]: Routing at B.Cu layer
[board_modifier.py:499]: Routing pad 'MX15:1' at (121660000, 78740000) with pad 'MX20:1' at (121660000, 97790000) using coordinate system rotated by 0 degree(s)
[board_modifier.py:362]: Adding track segment (B.Cu): [(121660000, 78740000), (121660000, 97790000)]
[board_modifier.py:367]: Track added
[board_modifier.py:433]: Routing at B.Cu layer
[board_modifier.py:499]: Routing pad 'MX20:1' at (121660000, 97790000) with pad 'MX25:1' at (121660000, 116840000) using coordinate system rotated by 0 degree(s)
[board_modifier.py:362]: Adding track segment (B.Cu): [(121660000, 97790000), (121660000, 116840000)]
[board_modifier.py:367]: Track added
[board_modifier.py:429]: Could not route pads, no common layers found
[key_placer.py:395]: Removing dangling tracks
[key_placer.py:407]: Removing ef9134f3-2d6a-4b2b-816f-fffe0212c724
[key_placer.py:407]: Removing 318fcdad-7cca-4792-9128-4aac9fb5ed6d
[key_placer.py:407]: Removing 4a69543d-086b-4407-9096-3c2d109c36c8
[key_placer.py:407]: Removing 94eff965-ea9a-4971-b5c4-500882aa65f8
[key_placer.py:407]: Removing 4a8bb030-c451-4c0c-bdd5-f9c325226562
[key_placer.py:407]: Removing b5756edb-512f-4f3b-876a-d1949cdeacca
[key_placer.py:407]: Removing a91ffddc-2193-43d4-a5a8-3548628b0514
[key_placer.py:407]: Removing e6787a4d-9cad-4ac2-9222-27588d586963
[key_placer.py:407]: Removing a22a7138-df16-4614-964d-164fb6ddb29c
[key_placer.py:407]: Removing 12ac95e8-9919-44cd-88ee-e5f84d338696
[key_placer.py:407]: Removing 4e157f49-b1c0-4c64-aaff-2f2582d80949
[key_placer.py:407]: Removing 085d9fdf-30ff-4b40-9041-ec6680e4f411
[key_placer.py:407]: Removing 62cf0de0-cbfd-4bfd-9870-63a044be16e5
[key_placer.py:407]: Removing f3b91f0e-99c6-4ca3-a532-1f521421292b
[key_placer.py:407]: Removing 297d5a59-f181-4a2e-a9c7-98ac245fa724
[key_placer.py:407]: Removing c6dafa9d-9b76-4963-a212-d6d91b845397
[key_placer.py:407]: Removing b4bbb27c-8e6b-407d-94dc-c7f5c3c907af
[key_placer.py:407]: Removing 9e6fd1e8-612d-48a7-b8f2-e93e520d0661
[key_placer.py:407]: Removing a13f4c9d-73b6-4f76-a458-e8ceca3ace19
[key_placer.py:407]: Removing 59acee14-5cf8-480d-8af1-1b850e6e046d
[key_placer.py:407]: Removing f746d043-1268-4672-b5c1-ff972953fce3
[key_placer.py:407]: Removing 1e416cf8-c896-48d4-9099-e37b9cda5def
[key_placer.py:407]: Removing 7f6fe917-ec9c-46c1-be33-ccdfd1197a54
[key_placer.py:407]: Removing 0edada85-c527-4b11-8378-a1ab318aaacc
[key_placer.py:407]: Removing 01ba22d1-b35a-40bf-a51b-cff853ab0059
[key_placer.py:395]: Removing dangling tracks
